[2025-08-25 21:11:09] === DOWNLOAD SESSION STARTED ===
[2025-08-25 21:11:09] Client bound to port: 8080
[2025-08-25 21:11:09] Searching for files...
[2025-08-25 21:11:09] Trying to connect to port 8081
[2025-08-25 21:11:09] connected to port 8081, found files
[2025-08-25 21:11:09] Trying to connect to port 8082
[2025-08-25 21:11:09] connected to port 8082, found files
[2025-08-25 21:11:09] Trying to connect to port 8083
[2025-08-25 21:11:09] connected to port 8083, found files
[2025-08-25 21:11:09] Trying to connect to port 8084
[2025-08-25 21:11:09] connected to port 8084, found files
[2025-08-25 21:11:09] Search completed.
[2025-08-25 21:11:09] Files available. Found files from 4 running port(s)
[2025-08-25 21:11:09] [1] Test2.txt (from port 8081)
[2025-08-25 21:11:09] [2] Multiple2.txt (from port 8082)
[2025-08-25 21:11:09] [3] Test3.txt (from port 8082)
[2025-08-25 21:11:09] [4] testMultiple.txt (from port 8082)
[2025-08-25 21:11:09] [5] Test4.txt (from port 8083)
[2025-08-25 21:11:09] [6] Test5.txt (from port 8084)
[2025-08-25 21:11:21] Scanning all seeds for file 'Multiple2.txt'...
[2025-08-25 21:11:21] Scanning seed at port 8081 for file 'Multiple2.txt'...
[2025-08-25 21:11:21] Checking files on seed 8081:
[2025-08-25 21:11:21]   Found: 'Test2.txt' (length: 9)
[2025-08-25 21:11:21] not found
[2025-08-25 21:11:21] Scanning seed at port 8082 for file 'Multiple2.txt'...
[2025-08-25 21:11:21] Checking files on seed 8082:
[2025-08-25 21:11:21]   Found: 'Multiple2.txt' (length: 13)
[2025-08-25 21:11:21]   MATCH!
[2025-08-25 21:11:21] FOUND!
[2025-08-25 21:11:21] Scanning seed at port 8083 for file 'Multiple2.txt'...
[2025-08-25 21:11:21] Checking files on seed 8083:
[2025-08-25 21:11:21]   Found: 'Test4.txt' (length: 9)
[2025-08-25 21:11:21] not found
[2025-08-25 21:11:21] Scanning seed at port 8084 for file 'Multiple2.txt'...
[2025-08-25 21:11:21] Checking files on seed 8084:
[2025-08-25 21:11:21]   Found: 'Multiple2.txt' (length: 13)
[2025-08-25 21:11:21]   MATCH!
[2025-08-25 21:11:21] FOUND!
[2025-08-25 21:11:21] Found 2 seed(s) with file 'Multiple2.txt'
[2025-08-25 21:11:21] Exact file size from seed: 58943 bytes
[2025-08-25 21:11:21] Estimated file size: 58943 bytes
[2025-08-25 21:11:21] Exact file size from seed: 58943 bytes
[2025-08-25 21:11:21] Expected file size: 58943 bytes
[2025-08-25 21:11:21] File [2] Multiple2.txt already exists
